#
# There is insufficient memory for the Java Runtime Environment to continue.
# Native memory allocation (mmap) failed to map 716177408 bytes for committing reserved memory.
# Possible reasons:
#   The system is out of physical RAM or swap space
#   In 32 bit mode, the process size limit was hit
# Possible solutions:
#   Reduce memory load on the system
#   Increase physical memory or swap space
#   Check if swap backing store is full
#   Use 64 bit Java on a 64 bit OS
#   Decrease Java heap size (-Xmx/-Xms)
#   Decrease number of Java threads
#   Decrease Java thread stack sizes (-Xss)
#   Set larger code cache with -XX:ReservedCodeCacheSize=
# This output file may be truncated or incomplete.
#
#  Out of Memory Error (os_linux.cpp:2643), pid=17480, tid=0x00007fdf2d949700
#
# JRE version:  (8.0_131-b11) (build )
# Java VM: OpenJDK 64-Bit Server VM (25.131-b11 mixed mode linux-amd64 compressed oops)
# Failed to write core dump. Core dumps have been disabled. To enable core dumping, try "ulimit -c unlimited" before starting Java again
#

---------------  T H R E A D  ---------------

Current thread (0x00007fdf2400a000):  JavaThread "Unknown thread" [_thread_in_vm, id=17481, stack(0x00007fdf2d849000,0x00007fdf2d94a000)]

Stack: [0x00007fdf2d849000,0x00007fdf2d94a000],  sp=0x00007fdf2d948630,  free space=1021k
Native frames: (J=compiled Java code, j=interpreted, Vv=VM code, C=native code)
V  [libjvm.so+0xa6a1bb]
V  [libjvm.so+0x4c5a6c]
V  [libjvm.so+0x8b85a0]
V  [libjvm.so+0x8b2a1e]
V  [libjvm.so+0x92d556]
V  [libjvm.so+0x91e033]
V  [libjvm.so+0x2af381]
V  [libjvm.so+0x8ddb29]
V  [libjvm.so+0xa2d6b9]
V  [libjvm.so+0xa2d902]
V  [libjvm.so+0x61103f]
V  [libjvm.so+0xa12caa]
V  [libjvm.so+0x68b222]  JNI_CreateJavaVM+0x62
C  [libjli.so+0x2f2e]
C  [libjli.so+0x73dd]
C  [libpthread.so.0+0x76ba]  start_thread+0xca


---------------  P R O C E S S  ---------------

Java Threads: ( => current thread )

Other Threads:

=>0x00007fdf2400a000 (exited) JavaThread "Unknown thread" [_thread_in_vm, id=17481, stack(0x00007fdf2d849000,0x00007fdf2d94a000)]

VM state:not at safepoint (not fully initialized)

VM Mutex/Monitor currently owned by a thread: None

GC Heap History (0 events):
No events

Deoptimization events (0 events):
No events

Internal exceptions (0 events):
No events

Events (0 events):
No events


Dynamic libraries:
00400000-00401000 r-xp 00000000 fd:00 1713630                            /usr/lib/jvm/java-8-openjdk-amd64/jre/bin/java
00600000-00601000 r--p 00000000 fd:00 1713630                            /usr/lib/jvm/java-8-openjdk-amd64/jre/bin/java
00601000-00602000 rw-p 00001000 fd:00 1713630                            /usr/lib/jvm/java-8-openjdk-amd64/jre/bin/java
00bce000-00bef000 rw-p 00000000 00:00 0                                  [heap]
eab00000-100000000 rw-p 00000000 00:00 0 
7fdf1c000000-7fdf1c270000 rwxp 00000000 00:00 0 
7fdf1c270000-7fdf24000000 ---p 00000000 00:00 0 
7fdf24000000-7fdf24031000 rw-p 00000000 00:00 0 
7fdf24031000-7fdf28000000 ---p 00000000 00:00 0 
7fdf29ec3000-7fdf2a018000 ---p 00000000 00:00 0 
7fdf2a018000-7fdf2a0ce000 rw-p 00000000 00:00 0 
7fdf2a0ce000-7fdf2a2c4000 ---p 00000000 00:00 0 
7fdf2a2c4000-7fdf2a2cc000 r-xp 00000000 fd:00 1713564                    /usr/lib/jvm/java-8-openjdk-amd64/jre/lib/amd64/libzip.so
7fdf2a2cc000-7fdf2a4cb000 ---p 00008000 fd:00 1713564                    /usr/lib/jvm/java-8-openjdk-amd64/jre/lib/amd64/libzip.so
7fdf2a4cb000-7fdf2a4cc000 r--p 00007000 fd:00 1713564                    /usr/lib/jvm/java-8-openjdk-amd64/jre/lib/amd64/libzip.so
7fdf2a4cc000-7fdf2a4cd000 rw-p 00008000 fd:00 1713564                    /usr/lib/jvm/java-8-openjdk-amd64/jre/lib/amd64/libzip.so
7fdf2a4cd000-7fdf2a4d8000 r-xp 00000000 fd:00 6558321                    /lib/x86_64-linux-gnu/libnss_files-2.23.so
7fdf2a4d8000-7fdf2a6d7000 ---p 0000b000 fd:00 6558321                    /lib/x86_64-linux-gnu/libnss_files-2.23.so
7fdf2a6d7000-7fdf2a6d8000 r--p 0000a000 fd:00 6558321                    /lib/x86_64-linux-gnu/libnss_files-2.23.so
7fdf2a6d8000-7fdf2a6d9000 rw-p 0000b000 fd:00 6558321                    /lib/x86_64-linux-gnu/libnss_files-2.23.so
7fdf2a6d9000-7fdf2a6df000 rw-p 00000000 00:00 0 
7fdf2a6df000-7fdf2a6ea000 r-xp 00000000 fd:00 6558331                    /lib/x86_64-linux-gnu/libnss_nis-2.23.so
7fdf2a6ea000-7fdf2a8e9000 ---p 0000b000 fd:00 6558331                    /lib/x86_64-linux-gnu/libnss_nis-2.23.so
7fdf2a8e9000-7fdf2a8ea000 r--p 0000a000 fd:00 6558331                    /lib/x86_64-linux-gnu/libnss_nis-2.23.so
7fdf2a8ea000-7fdf2a8eb000 rw-p 0000b000 fd:00 6558331                    /lib/x86_64-linux-gnu/libnss_nis-2.23.so
7fdf2a8eb000-7fdf2a901000 r-xp 00000000 fd:00 6558315                    /lib/x86_64-linux-gnu/libnsl-2.23.so
7fdf2a901000-7fdf2ab00000 ---p 00016000 fd:00 6558315                    /lib/x86_64-linux-gnu/libnsl-2.23.so
7fdf2ab00000-7fdf2ab01000 r--p 00015000 fd:00 6558315                    /lib/x86_64-linux-gnu/libnsl-2.23.so
7fdf2ab01000-7fdf2ab02000 rw-p 00016000 fd:00 6558315                    /lib/x86_64-linux-gnu/libnsl-2.23.so
7fdf2ab02000-7fdf2ab04000 rw-p 00000000 00:00 0 
7fdf2ab04000-7fdf2ab0c000 r-xp 00000000 fd:00 6558317                    /lib/x86_64-linux-gnu/libnss_compat-2.23.so
7fdf2ab0c000-7fdf2ad0b000 ---p 00008000 fd:00 6558317                    /lib/x86_64-linux-gnu/libnss_compat-2.23.so
7fdf2ad0b000-7fdf2ad0c000 r--p 00007000 fd:00 6558317                    /lib/x86_64-linux-gnu/libnss_compat-2.23.so
7fdf2ad0c000-7fdf2ad0d000 rw-p 00008000 fd:00 6558317                    /lib/x86_64-linux-gnu/libnss_compat-2.23.so
7fdf2ad0d000-7fdf2ad3a000 r-xp 00000000 fd:00 1713579                    /usr/lib/jvm/java-8-openjdk-amd64/jre/lib/amd64/libjava.so
7fdf2ad3a000-7fdf2af39000 ---p 0002d000 fd:00 1713579                    /usr/lib/jvm/java-8-openjdk-amd64/jre/lib/amd64/libjava.so
7fdf2af39000-7fdf2af3a000 r--p 0002c000 fd:00 1713579                    /usr/lib/jvm/java-8-openjdk-amd64/jre/lib/amd64/libjava.so
7fdf2af3a000-7fdf2af3c000 rw-p 0002d000 fd:00 1713579                    /usr/lib/jvm/java-8-openjdk-amd64/jre/lib/amd64/libjava.so
7fdf2af3c000-7fdf2af4b000 r-xp 00000000 fd:00 1713557                    /usr/lib/jvm/java-8-openjdk-amd64/jre/lib/amd64/libverify.so
7fdf2af4b000-7fdf2b14a000 ---p 0000f000 fd:00 1713557                    /usr/lib/jvm/java-8-openjdk-amd64/jre/lib/amd64/libverify.so
7fdf2b14a000-7fdf2b14c000 r--p 0000e000 fd:00 1713557                    /usr/lib/jvm/java-8-openjdk-amd64/jre/lib/amd64/libverify.so
7fdf2b14c000-7fdf2b14d000 rw-p 00010000 fd:00 1713557                    /usr/lib/jvm/java-8-openjdk-amd64/jre/lib/amd64/libverify.so
7fdf2b14d000-7fdf2b154000 r-xp 00000000 fd:00 6558376                    /lib/x86_64-linux-gnu/librt-2.23.so
7fdf2b154000-7fdf2b353000 ---p 00007000 fd:00 6558376                    /lib/x86_64-linux-gnu/librt-2.23.so
7fdf2b353000-7fdf2b354000 r--p 00006000 fd:00 6558376                    /lib/x86_64-linux-gnu/librt-2.23.so
7fdf2b354000-7fdf2b355000 rw-p 00007000 fd:00 6558376                    /lib/x86_64-linux-gnu/librt-2.23.so
7fdf2b355000-7fdf2b36b000 r-xp 00000000 fd:00 6558260                    /lib/x86_64-linux-gnu/libgcc_s.so.1
7fdf2b36b000-7fdf2b56a000 ---p 00016000 fd:00 6558260                    /lib/x86_64-linux-gnu/libgcc_s.so.1
7fdf2b56a000-7fdf2b56b000 rw-p 00015000 fd:00 6558260                    /lib/x86_64-linux-gnu/libgcc_s.so.1
7fdf2b56b000-7fdf2b673000 r-xp 00000000 fd:00 6558292                    /lib/x86_64-linux-gnu/libm-2.23.so
7fdf2b673000-7fdf2b872000 ---p 00108000 fd:00 6558292                    /lib/x86_64-linux-gnu/libm-2.23.so
7fdf2b872000-7fdf2b873000 r--p 00107000 fd:00 6558292                    /lib/x86_64-linux-gnu/libm-2.23.so
7fdf2b873000-7fdf2b874000 rw-p 00108000 fd:00 6558292                    /lib/x86_64-linux-gnu/libm-2.23.so
7fdf2b874000-7fdf2b9e6000 r-xp 00000000 fd:00 1451567                    /usr/lib/x86_64-linux-gnu/libstdc++.so.6.0.21
7fdf2b9e6000-7fdf2bbe6000 ---p 00172000 fd:00 1451567                    /usr/lib/x86_64-linux-gnu/libstdc++.so.6.0.21
7fdf2bbe6000-7fdf2bbf0000 r--p 00172000 fd:00 1451567                    /usr/lib/x86_64-linux-gnu/libstdc++.so.6.0.21
7fdf2bbf0000-7fdf2bbf2000 rw-p 0017c000 fd:00 1451567                    /usr/lib/x86_64-linux-gnu/libstdc++.so.6.0.21
7fdf2bbf2000-7fdf2bbf6000 rw-p 00000000 00:00 0 
7fdf2bbf6000-7fdf2c84a000 r-xp 00000000 fd:00 1713563                    /usr/lib/jvm/java-8-openjdk-amd64/jre/lib/amd64/server/libjvm.so
7fdf2c84a000-7fdf2ca4a000 ---p 00c54000 fd:00 1713563                    /usr/lib/jvm/java-8-openjdk-amd64/jre/lib/amd64/server/libjvm.so
7fdf2ca4a000-7fdf2cadd000 r--p 00c54000 fd:00 1713563                    /usr/lib/jvm/java-8-openjdk-amd64/jre/lib/amd64/server/libjvm.so
7fdf2cadd000-7fdf2cb06000 rw-p 00ce7000 fd:00 1713563                    /usr/lib/jvm/java-8-openjdk-amd64/jre/lib/amd64/server/libjvm.so
7fdf2cb06000-7fdf2cb36000 rw-p 00000000 00:00 0 
7fdf2cb36000-7fdf2cb4e000 r-xp 00000000 fd:00 6558368                    /lib/x86_64-linux-gnu/libpthread-2.23.so
7fdf2cb4e000-7fdf2cd4d000 ---p 00018000 fd:00 6558368                    /lib/x86_64-linux-gnu/libpthread-2.23.so
7fdf2cd4d000-7fdf2cd4e000 r--p 00017000 fd:00 6558368                    /lib/x86_64-linux-gnu/libpthread-2.23.so
7fdf2cd4e000-7fdf2cd4f000 rw-p 00018000 fd:00 6558368                    /lib/x86_64-linux-gnu/libpthread-2.23.so
7fdf2cd4f000-7fdf2cd53000 rw-p 00000000 00:00 0 
7fdf2cd53000-7fdf2cd56000 r-xp 00000000 fd:00 6558246                    /lib/x86_64-linux-gnu/libdl-2.23.so
7fdf2cd56000-7fdf2cf55000 ---p 00003000 fd:00 6558246                    /lib/x86_64-linux-gnu/libdl-2.23.so
7fdf2cf55000-7fdf2cf56000 r--p 00002000 fd:00 6558246                    /lib/x86_64-linux-gnu/libdl-2.23.so
7fdf2cf56000-7fdf2cf57000 rw-p 00003000 fd:00 6558246                    /lib/x86_64-linux-gnu/libdl-2.23.so
7fdf2cf57000-7fdf2cf70000 r-xp 00000000 fd:00 6558413                    /lib/x86_64-linux-gnu/libz.so.1.2.8
7fdf2cf70000-7fdf2d16f000 ---p 00019000 fd:00 6558413                    /lib/x86_64-linux-gnu/libz.so.1.2.8
7fdf2d16f000-7fdf2d170000 r--p 00018000 fd:00 6558413                    /lib/x86_64-linux-gnu/libz.so.1.2.8
7fdf2d170000-7fdf2d171000 rw-p 00019000 fd:00 6558413                    /lib/x86_64-linux-gnu/libz.so.1.2.8
7fdf2d171000-7fdf2d331000 r-xp 00000000 fd:00 6558222                    /lib/x86_64-linux-gnu/libc-2.23.so
7fdf2d331000-7fdf2d531000 ---p 001c0000 fd:00 6558222                    /lib/x86_64-linux-gnu/libc-2.23.so
7fdf2d531000-7fdf2d535000 r--p 001c0000 fd:00 6558222                    /lib/x86_64-linux-gnu/libc-2.23.so
7fdf2d535000-7fdf2d537000 rw-p 001c4000 fd:00 6558222                    /lib/x86_64-linux-gnu/libc-2.23.so
7fdf2d537000-7fdf2d53b000 rw-p 00000000 00:00 0 
7fdf2d53b000-7fdf2d548000 r-xp 00000000 fd:00 1713555                    /usr/lib/jvm/java-8-openjdk-amd64/jre/lib/amd64/jli/libjli.so
7fdf2d548000-7fdf2d748000 ---p 0000d000 fd:00 1713555                    /usr/lib/jvm/java-8-openjdk-amd64/jre/lib/amd64/jli/libjli.so
7fdf2d748000-7fdf2d749000 r--p 0000d000 fd:00 1713555                    /usr/lib/jvm/java-8-openjdk-amd64/jre/lib/amd64/jli/libjli.so
7fdf2d749000-7fdf2d74a000 rw-p 0000e000 fd:00 1713555                    /usr/lib/jvm/java-8-openjdk-amd64/jre/lib/amd64/jli/libjli.so
7fdf2d74a000-7fdf2d770000 r-xp 00000000 fd:00 6558194                    /lib/x86_64-linux-gnu/ld-2.23.so
7fdf2d849000-7fdf2d84c000 ---p 00000000 00:00 0 
7fdf2d84c000-7fdf2d94f000 rw-p 00000000 00:00 0 
7fdf2d963000-7fdf2d96b000 rw-s 00000000 fd:00 3805746                    /tmp/hsperfdata_wisdom/17480
7fdf2d96b000-7fdf2d96c000 rw-p 00000000 00:00 0 
7fdf2d96c000-7fdf2d96d000 r--p 00000000 00:00 0 
7fdf2d96d000-7fdf2d96f000 rw-p 00000000 00:00 0 
7fdf2d96f000-7fdf2d970000 r--p 00025000 fd:00 6558194                    /lib/x86_64-linux-gnu/ld-2.23.so
7fdf2d970000-7fdf2d971000 rw-p 00026000 fd:00 6558194                    /lib/x86_64-linux-gnu/ld-2.23.so
7fdf2d971000-7fdf2d972000 rw-p 00000000 00:00 0 
7ffe70f5c000-7ffe70f7d000 rw-p 00000000 00:00 0                          [stack]
7ffe70f84000-7ffe70f86000 r--p 00000000 00:00 0                          [vvar]
7ffe70f86000-7ffe70f88000 r-xp 00000000 00:00 0                          [vdso]
ffffffffff600000-ffffffffff601000 r-xp 00000000 00:00 0                  [vsyscall]

VM Arguments:
jvm_args: -Xms1024m -Xmx1024m -XX:ReservedCodeCacheSize=128m -XX:MaxMetaspaceSize=256m 
java_command: /usr/share/sbt/bin/sbt-launch.jar
java_class_path (initial): /usr/share/sbt/bin/sbt-launch.jar
Launcher Type: SUN_STANDARD

Environment Variables:
PATH=/home/wisdom/bin:/home/wisdom/.local/bin:/usr/local/sbin:/usr/local/bin:/usr/sbin:/usr/bin:/sbin:/bin:/usr/games:/usr/local/games:/snap/bin
SHELL=/bin/bash
DISPLAY=:0

Signal Handlers:
SIGSEGV: [libjvm.so+0xa6ad10], sa_mask[0]=11111111011111111101111111111110, sa_flags=SA_RESTART|SA_SIGINFO
SIGBUS: [libjvm.so+0xa6ad10], sa_mask[0]=11111111011111111101111111111110, sa_flags=SA_RESTART|SA_SIGINFO
SIGFPE: [libjvm.so+0x8b3bc0], sa_mask[0]=11111111011111111101111111111110, sa_flags=SA_RESTART|SA_SIGINFO
SIGPIPE: [libjvm.so+0x8b3bc0], sa_mask[0]=11111111011111111101111111111110, sa_flags=SA_RESTART|SA_SIGINFO
SIGXFSZ: [libjvm.so+0x8b3bc0], sa_mask[0]=11111111011111111101111111111110, sa_flags=SA_RESTART|SA_SIGINFO
SIGILL: [libjvm.so+0x8b3bc0], sa_mask[0]=11111111011111111101111111111110, sa_flags=SA_RESTART|SA_SIGINFO
SIGUSR1: SIG_DFL, sa_mask[0]=00000000000000000000000000000000, sa_flags=none
SIGUSR2: [libjvm.so+0x8b3a70], sa_mask[0]=00000000000000000000000000000000, sa_flags=SA_RESTART|SA_SIGINFO
SIGHUP: SIG_DFL, sa_mask[0]=00000000000000000000000000000000, sa_flags=none
SIGINT: SIG_DFL, sa_mask[0]=00000000000000000000000000000000, sa_flags=none
SIGTERM: SIG_DFL, sa_mask[0]=00000000000000000000000000000000, sa_flags=none
SIGQUIT: SIG_DFL, sa_mask[0]=00000000000000000000000000000000, sa_flags=none


---------------  S Y S T E M  ---------------

OS:DISTRIB_ID=Ubuntu
DISTRIB_RELEASE=16.04
DISTRIB_CODENAME=xenial
DISTRIB_DESCRIPTION="Ubuntu 16.04.3 LTS"

uname:Linux 4.10.0-33-generic #37~16.04.1-Ubuntu SMP Fri Aug 11 14:07:24 UTC 2017 x86_64
libc:glibc 2.23 NPTL 2.23 
rlimit: STACK 8192k, CORE 0k, NPROC 15362, NOFILE 1048576, AS infinity
load average:3.46 3.69 3.47

/proc/meminfo:
MemTotal:        3977908 kB
MemFree:          256372 kB
MemAvailable:     334448 kB
Buffers:            6056 kB
Cached:           373532 kB
SwapCached:            0 kB
Active:          3071492 kB
Inactive:         180660 kB
Active(anon):    2875548 kB
Inactive(anon):   109092 kB
Active(file):     195944 kB
Inactive(file):    71568 kB
Unevictable:         176 kB
Mlocked:             176 kB
SwapTotal:             0 kB
SwapFree:              0 kB
Dirty:               144 kB
Writeback:             0 kB
AnonPages:       2872888 kB
Mapped:           381440 kB
Shmem:            111984 kB
Slab:              84260 kB
SReclaimable:      30544 kB
SUnreclaim:        53716 kB
KernelStack:       13976 kB
PageTables:        68768 kB
NFS_Unstable:          0 kB
Bounce:                0 kB
WritebackTmp:          0 kB
CommitLimit:     1988952 kB
Committed_AS:   11437576 kB
VmallocTotal:   34359738367 kB
VmallocUsed:           0 kB
VmallocChunk:          0 kB
HardwareCorrupted:     0 kB
AnonHugePages:    788480 kB
ShmemHugePages:        0 kB
ShmemPmdMapped:        0 kB
CmaTotal:              0 kB
CmaFree:               0 kB
HugePages_Total:       0
HugePages_Free:        0
HugePages_Rsvd:        0
HugePages_Surp:        0
Hugepagesize:       2048 kB
DirectMap4k:     1049280 kB
DirectMap2M:     3078144 kB


CPU:total 2 (initial active 2) (2 cores per cpu, 1 threads per core) family 6 model 15 stepping 11, cmov, cx8, fxsr, mmx, sse, sse2, sse3, ssse3, tsc

/proc/cpuinfo:
processor	: 0
vendor_id	: GenuineIntel
cpu family	: 6
model		: 15
model name	: Intel(R) Core(TM)2 Duo CPU     T7300  @ 2.00GHz
stepping	: 11
microcode	: 0xba
cpu MHz		: 2001.000
cache size	: 4096 KB
physical id	: 0
siblings	: 2
core id		: 0
cpu cores	: 2
apicid		: 0
initial apicid	: 0
fpu		: yes
fpu_exception	: yes
cpuid level	: 10
wp		: yes
flags		: fpu vme de pse tsc msr pae mce cx8 apic sep mtrr pge mca cmov pat pse36 clflush dts acpi mmx fxsr sse sse2 ss ht tm pbe syscall nx lm constant_tsc arch_perfmon pebs bts rep_good nopl aperfmperf pni dtes64 monitor ds_cpl vmx est tm2 ssse3 cx16 xtpr pdcm lahf_lm tpr_shadow vnmi flexpriority dtherm ida
bugs		:
bogomips	: 3990.09
clflush size	: 64
cache_alignment	: 64
address sizes	: 36 bits physical, 48 bits virtual
power management:

processor	: 1
vendor_id	: GenuineIntel
cpu family	: 6
model		: 15
model name	: Intel(R) Core(TM)2 Duo CPU     T7300  @ 2.00GHz
stepping	: 11
microcode	: 0xba
cpu MHz		: 2001.000
cache size	: 4096 KB
physical id	: 0
siblings	: 2
core id		: 1
cpu cores	: 2
apicid		: 1
initial apicid	: 1
fpu		: yes
fpu_exception	: yes
cpuid level	: 10
wp		: yes
flags		: fpu vme de pse tsc msr pae mce cx8 apic sep mtrr pge mca cmov pat pse36 clflush dts acpi mmx fxsr sse sse2 ss ht tm pbe syscall nx lm constant_tsc arch_perfmon pebs bts rep_good nopl aperfmperf pni dtes64 monitor ds_cpl vmx est tm2 ssse3 cx16 xtpr pdcm lahf_lm tpr_shadow vnmi flexpriority dtherm ida
bugs		:
bogomips	: 3990.09
clflush size	: 64
cache_alignment	: 64
address sizes	: 36 bits physical, 48 bits virtual
power management:



Memory: 4k page, physical 3977908k(256372k free), swap 0k(0k free)

vm_info: OpenJDK 64-Bit Server VM (25.131-b11) for linux-amd64 JRE (1.8.0_131-8u131-b11-2ubuntu1.16.04.3-b11), built on Jul 28 2017 01:23:32 by "buildd" with gcc 5.4.0 20160609

time: Mon Sep  4 22:22:43 2017
elapsed time: 0 seconds (0d 0h 0m 0s)

